# JRE version: OpenJDK Runtime Environment (11.0.15) (build 11.0.15+0-b2043.56-8887301)
# Java VM: OpenJDK 64-Bit Server VM (11.0.15+0-b2043.56-8887301, mixed mode, tiered, compressed oops, g1 gc, bsd-amd64)
Heap:
 garbage-first heap   total 420864K, used 294648K [0x00000006e0000000, 0x0000000800000000)
  region size 1024K, 208 young (212992K), 29 survivors (29696K)
 Metaspace       used 109372K, capacity 113365K, committed 113480K, reserved 1146880K
  class space    used 14442K, capacity 16035K, committed 16128K, reserved 1048576K
GC Heap History (20 events):
Event: 1.842 GC heap before
{Heap before GC invocations=3 (full 0):
 garbage-first heap   total 262144K, used 88978K [0x00000006e0000000, 0x0000000800000000)
  region size 1024K, 82 young (83968K), 15 survivors (15360K)
 Metaspace       used 25790K, capacity 26458K, committed 26544K, reserved 1073152K
  class space    used 3252K, capacity 3510K, committed 3584K, reserved 1048576K
}
Event: 1.851 GC heap after
{Heap after GC invocations=4 (full 0):
 garbage-first heap   total 262144K, used 21102K [0x00000006e0000000, 0x0000000800000000)
  region size 1024K, 3 young (3072K), 3 survivors (3072K)
 Metaspace       used 25790K, capacity 26458K, committed 26544K, reserved 1073152K
  class space    used 3252K, capacity 3510K, committed 3584K, reserved 1048576K
}
Event: 2.342 GC heap before
{Heap before GC invocations=4 (full 0):
 garbage-first heap   total 262144K, used 106094K [0x00000006e0000000, 0x0000000800000000)
  region size 1024K, 86 young (88064K), 3 survivors (3072K)
 Metaspace       used 31473K, capacity 32185K, committed 32304K, reserved 1077248K
  class space    used 4141K, capacity 4421K, committed 4480K, reserved 1048576K
}
Event: 2.346 GC heap after
{Heap after GC invocations=5 (full 0):
 garbage-first heap   total 262144K, used 23161K [0x00000006e0000000, 0x0000000800000000)
  region size 1024K, 5 young (5120K), 5 survivors (5120K)
 Metaspace       used 31473K, capacity 32185K, committed 32304K, reserved 1077248K
  class space    used 4141K, capacity 4421K, committed 4480K, reserved 1048576K
}
Event: 2.615 GC heap before
{Heap before GC invocations=5 (full 0):
 garbage-first heap   total 262144K, used 60025K [0x00000006e0000000, 0x0000000800000000)
  region size 1024K, 42 young (43008K), 5 survivors (5120K)
 Metaspace       used 34773K, capacity 35669K, committed 35888K, reserved 1081344K
  class space    used 4644K, capacity 4992K, committed 4992K, reserved 1048576K
}
Event: 2.623 GC heap after
{Heap after GC invocations=6 (full 0):
 garbage-first heap   total 262144K, used 24100K [0x00000006e0000000, 0x0000000800000000)
  region size 1024K, 6 young (6144K), 6 survivors (6144K)
 Metaspace       used 34773K, capacity 35669K, committed 35888K, reserved 1081344K
  class space    used 4644K, capacity 4992K, committed 4992K, reserved 1048576K
}
Event: 3.635 GC heap before
{Heap before GC invocations=7 (full 0):
 garbage-first heap   total 262144K, used 160292K [0x00000006e0000000, 0x0000000800000000)
  region size 1024K, 135 young (138240K), 6 survivors (6144K)
 Metaspace       used 46166K, capacity 47512K, committed 47664K, reserved 1091584K
  class space    used 5948K, capacity 6478K, committed 6528K, reserved 1048576K
}
Event: 3.657 GC heap after
{Heap after GC invocations=8 (full 0):
 garbage-first heap   total 315392K, used 33601K [0x00000006e0000000, 0x0000000800000000)
  region size 1024K, 15 young (15360K), 15 survivors (15360K)
 Metaspace       used 46166K, capacity 47512K, committed 47664K, reserved 1091584K
  class space    used 5948K, capacity 6478K, committed 6528K, reserved 1048576K
}
Event: 4.936 GC heap before
{Heap before GC invocations=8 (full 0):
 garbage-first heap   total 315392K, used 207681K [0x00000006e0000000, 0x0000000800000000)
  region size 1024K, 184 young (188416K), 15 survivors (15360K)
 Metaspace       used 55379K, capacity 57211K, committed 57264K, reserved 1099776K
  class space    used 7154K, capacity 7911K, committed 7936K, reserved 1048576K
}
Event: 4.954 GC heap after
{Heap after GC invocations=9 (full 0):
 garbage-first heap   total 315392K, used 42641K [0x00000006e0000000, 0x0000000800000000)
  region size 1024K, 20 young (20480K), 20 survivors (20480K)
 Metaspace       used 55379K, capacity 57211K, committed 57264K, reserved 1099776K
  class space    used 7154K, capacity 7911K, committed 7936K, reserved 1048576K
}
Event: 6.063 GC heap before
{Heap before GC invocations=9 (full 0):
 garbage-first heap   total 315392K, used 177809K [0x00000006e0000000, 0x0000000800000000)
  region size 1024K, 145 young (148480K), 20 survivors (20480K)
 Metaspace       used 57739K, capacity 59727K, committed 59952K, reserved 1101824K
  class space    used 7411K, capacity 8221K, committed 8320K, reserved 1048576K
}
Event: 6.086 GC heap after
{Heap after GC invocations=10 (full 0):
 garbage-first heap   total 315392K, used 62464K [0x00000006e0000000, 0x0000000800000000)
  region size 1024K, 21 young (21504K), 21 survivors (21504K)
 Metaspace       used 57739K, capacity 59727K, committed 59952K, reserved 1101824K
  class space    used 7411K, capacity 8221K, committed 8320K, reserved 1048576K
}
Event: 7.278 GC heap before
{Heap before GC invocations=11 (full 0):
 garbage-first heap   total 315392K, used 235520K [0x00000006e0000000, 0x0000000800000000)
  region size 1024K, 184 young (188416K), 21 survivors (21504K)
 Metaspace       used 70867K, capacity 73138K, committed 73288K, reserved 1112064K
  class space    used 9049K, capacity 9966K, committed 9984K, reserved 1048576K
}
Event: 7.309 GC heap after
{Heap after GC invocations=12 (full 0):
 garbage-first heap   total 315392K, used 72192K [0x00000006e0000000, 0x0000000800000000)
  region size 1024K, 10 young (10240K), 10 survivors (10240K)
 Metaspace       used 70867K, capacity 73138K, committed 73288K, reserved 1112064K
  class space    used 9049K, capacity 9966K, committed 9984K, reserved 1048576K
}
Event: 8.202 GC heap before
{Heap before GC invocations=13 (full 0):
 garbage-first heap   total 315392K, used 244224K [0x00000006e0000000, 0x0000000800000000)
  region size 1024K, 175 young (179200K), 10 survivors (10240K)
 Metaspace       used 78856K, capacity 81390K, committed 81608K, reserved 1120256K
  class space    used 10132K, capacity 11135K, committed 11136K, reserved 1048576K
}
Event: 8.216 GC heap after
{Heap after GC invocations=14 (full 0):
 garbage-first heap   total 420864K, used 80384K [0x00000006e0000000, 0x0000000800000000)
  region size 1024K, 16 young (16384K), 16 survivors (16384K)
 Metaspace       used 78856K, capacity 81390K, committed 81608K, reserved 1120256K
  class space    used 10132K, capacity 11135K, committed 11136K, reserved 1048576K
}
Event: 9.738 GC heap before
{Heap before GC invocations=14 (full 0):
 garbage-first heap   total 420864K, used 318976K [0x00000006e0000000, 0x0000000800000000)
  region size 1024K, 246 young (251904K), 16 survivors (16384K)
 Metaspace       used 91531K, capacity 94489K, committed 94792K, reserved 1130496K
  class space    used 12038K, capacity 13203K, committed 13312K, reserved 1048576K
}
Event: 9.759 GC heap after
{Heap after GC invocations=15 (full 0):
 garbage-first heap   total 420864K, used 95232K [0x00000006e0000000, 0x0000000800000000)
  region size 1024K, 27 young (27648K), 27 survivors (27648K)
 Metaspace       used 91531K, capacity 94489K, committed 94792K, reserved 1130496K
  class space    used 12038K, capacity 13203K, committed 13312K, reserved 1048576K
}
Event: 11.752 GC heap before
{Heap before GC invocations=15 (full 0):
 garbage-first heap   total 420864K, used 320512K [0x00000006e0000000, 0x0000000800000000)
  region size 1024K, 246 young (251904K), 27 survivors (27648K)
 Metaspace       used 103997K, capacity 107657K, committed 107976K, reserved 1142784K
  class space    used 13764K, capacity 15223K, committed 15232K, reserved 1048576K
}
Event: 11.784 GC heap after
{Heap after GC invocations=16 (full 0):
 garbage-first heap   total 420864K, used 113400K [0x00000006e0000000, 0x0000000800000000)
  region size 1024K, 29 young (29696K), 29 survivors (29696K)
 Metaspace       used 103997K, capacity 107657K, committed 107976K, reserved 1142784K
  class space    used 13764K, capacity 15223K, committed 15232K, reserved 1048576K
}

