# JRE version: OpenJDK Runtime Environment (11.0.15) (build 11.0.15+0-b2043.56-8887301)
# Java VM: OpenJDK 64-Bit Server VM (11.0.15+0-b2043.56-8887301, mixed mode, tiered, compressed oops, g1 gc, bsd-amd64)
Heap:
 garbage-first heap   total 378880K, used 213676K [0x00000006e0000000, 0x0000000800000000)
  region size 1024K, 105 young (107520K), 16 survivors (16384K)
 Metaspace       used 108909K, capacity 112852K, committed 113104K, reserved 1146880K
  class space    used 14326K, capacity 15861K, committed 15948K, reserved 1048576K
GC Heap History (20 events):
Event: 3.042 GC heap before
{Heap before GC invocations=5 (full 0):
 garbage-first heap   total 262144K, used 46655K [0x00000006e0000000, 0x0000000800000000)
  region size 1024K, 28 young (28672K), 5 survivors (5120K)
 Metaspace       used 34797K, capacity 35669K, committed 35888K, reserved 1081344K
  class space    used 4645K, capacity 4992K, committed 4992K, reserved 1048576K
}
Event: 3.048 GC heap after
{Heap after GC invocations=6 (full 0):
 garbage-first heap   total 262144K, used 24657K [0x00000006e0000000, 0x0000000800000000)
  region size 1024K, 6 young (6144K), 6 survivors (6144K)
 Metaspace       used 34797K, capacity 35669K, committed 35888K, reserved 1081344K
  class space    used 4645K, capacity 4992K, committed 4992K, reserved 1048576K
}
Event: 3.988 GC heap before
{Heap before GC invocations=7 (full 0):
 garbage-first heap   total 262144K, used 144465K [0x00000006e0000000, 0x0000000800000000)
  region size 1024K, 119 young (121856K), 6 survivors (6144K)
 Metaspace       used 45112K, capacity 46407K, committed 46748K, reserved 1089536K
  class space    used 5777K, capacity 6288K, committed 6400K, reserved 1048576K
}
Event: 3.997 GC heap after
{Heap after GC invocations=8 (full 0):
 garbage-first heap   total 315392K, used 33357K [0x00000006e0000000, 0x0000000800000000)
  region size 1024K, 14 young (14336K), 14 survivors (14336K)
 Metaspace       used 45112K, capacity 46407K, committed 46748K, reserved 1089536K
  class space    used 5777K, capacity 6288K, committed 6400K, reserved 1048576K
}
Event: 5.000 GC heap before
{Heap before GC invocations=8 (full 0):
 garbage-first heap   total 315392K, used 171597K [0x00000006e0000000, 0x0000000800000000)
  region size 1024K, 147 young (150528K), 14 survivors (14336K)
 Metaspace       used 53930K, capacity 55652K, committed 55708K, reserved 1097728K
  class space    used 6981K, capacity 7659K, committed 7680K, reserved 1048576K
}
Event: 5.012 GC heap after
{Heap after GC invocations=9 (full 0):
 garbage-first heap   total 315392K, used 39461K [0x00000006e0000000, 0x0000000800000000)
  region size 1024K, 16 young (16384K), 16 survivors (16384K)
 Metaspace       used 53930K, capacity 55652K, committed 55708K, reserved 1097728K
  class space    used 6981K, capacity 7659K, committed 7680K, reserved 1048576K
}
Event: 7.284 GC heap before
{Heap before GC invocations=9 (full 0):
 garbage-first heap   total 315392K, used 219685K [0x00000006e0000000, 0x0000000800000000)
  region size 1024K, 184 young (188416K), 16 survivors (16384K)
 Metaspace       used 57202K, capacity 59191K, committed 59292K, reserved 1099776K
  class space    used 7340K, capacity 8144K, committed 8192K, reserved 1048576K
}
Event: 7.305 GC heap after
{Heap after GC invocations=10 (full 0):
 garbage-first heap   total 315392K, used 62410K [0x00000006e0000000, 0x0000000800000000)
  region size 1024K, 21 young (21504K), 21 survivors (21504K)
 Metaspace       used 57202K, capacity 59191K, committed 59292K, reserved 1099776K
  class space    used 7340K, capacity 8144K, committed 8192K, reserved 1048576K
}
Event: 7.392 GC heap before
{Heap before GC invocations=10 (full 0):
 garbage-first heap   total 315392K, used 76746K [0x00000006e0000000, 0x0000000800000000)
  region size 1024K, 36 young (36864K), 21 survivors (21504K)
 Metaspace       used 58320K, capacity 60291K, committed 60420K, reserved 1101824K
  class space    used 7465K, capacity 8275K, committed 8320K, reserved 1048576K
}
Event: 7.410 GC heap after
{Heap after GC invocations=11 (full 0):
 garbage-first heap   total 315392K, used 65024K [0x00000006e0000000, 0x0000000800000000)
  region size 1024K, 3 young (3072K), 3 survivors (3072K)
 Metaspace       used 58320K, capacity 60291K, committed 60420K, reserved 1101824K
  class space    used 7465K, capacity 8275K, committed 8320K, reserved 1048576K
}
Event: 8.479 GC heap before
{Heap before GC invocations=12 (full 0):
 garbage-first heap   total 315392K, used 210432K [0x00000006e0000000, 0x0000000800000000)
  region size 1024K, 138 young (141312K), 3 survivors (3072K)
 Metaspace       used 69607K, capacity 71897K, committed 72144K, reserved 1112064K
  class space    used 8859K, capacity 9764K, committed 9804K, reserved 1048576K
}
Event: 8.490 GC heap after
{Heap after GC invocations=13 (full 0):
 garbage-first heap   total 378880K, used 71393K [0x00000006e0000000, 0x0000000800000000)
  region size 1024K, 9 young (9216K), 9 survivors (9216K)
 Metaspace       used 69607K, capacity 71897K, committed 72144K, reserved 1112064K
  class space    used 8859K, capacity 9764K, committed 9804K, reserved 1048576K
}
Event: 9.637 GC heap before
{Heap before GC invocations=14 (full 0):
 garbage-first heap   total 378880K, used 257761K [0x00000006e0000000, 0x0000000800000000)
  region size 1024K, 189 young (193536K), 9 survivors (9216K)
 Metaspace       used 78571K, capacity 81127K, committed 81360K, reserved 1120256K
  class space    used 10073K, capacity 11065K, committed 11084K, reserved 1048576K
}
Event: 9.648 GC heap after
{Heap after GC invocations=15 (full 0):
 garbage-first heap   total 378880K, used 81555K [0x00000006e0000000, 0x0000000800000000)
  region size 1024K, 17 young (17408K), 17 survivors (17408K)
 Metaspace       used 78571K, capacity 81127K, committed 81360K, reserved 1120256K
  class space    used 10073K, capacity 11065K, committed 11084K, reserved 1048576K
}
Event: 10.856 GC heap before
{Heap before GC invocations=15 (full 0):
 garbage-first heap   total 378880K, used 269971K [0x00000006e0000000, 0x0000000800000000)
  region size 1024K, 198 young (202752K), 17 survivors (17408K)
 Metaspace       used 90314K, capacity 93041K, committed 93264K, reserved 1130496K
  class space    used 11825K, capacity 12915K, committed 13004K, reserved 1048576K
}
Event: 10.878 GC heap after
{Heap after GC invocations=16 (full 0):
 garbage-first heap   total 378880K, used 94049K [0x00000006e0000000, 0x0000000800000000)
  region size 1024K, 17 young (17408K), 17 survivors (17408K)
 Metaspace       used 90314K, capacity 93041K, committed 93264K, reserved 1130496K
  class space    used 11825K, capacity 12915K, committed 13004K, reserved 1048576K
}
Event: 12.085 GC heap before
{Heap before GC invocations=16 (full 0):
 garbage-first heap   total 378880K, used 280417K [0x00000006e0000000, 0x0000000800000000)
  region size 1024K, 198 young (202752K), 17 survivors (17408K)
 Metaspace       used 97659K, capacity 100928K, committed 101200K, reserved 1136640K
  class space    used 12889K, capacity 14201K, committed 14284K, reserved 1048576K
}
Event: 12.114 GC heap after
{Heap after GC invocations=17 (full 0):
 garbage-first heap   total 378880K, used 109249K [0x00000006e0000000, 0x0000000800000000)
  region size 1024K, 23 young (23552K), 23 survivors (23552K)
 Metaspace       used 97659K, capacity 100928K, committed 101200K, reserved 1136640K
  class space    used 12889K, capacity 14201K, committed 14284K, reserved 1048576K
}
Event: 13.265 GC heap before
{Heap before GC invocations=17 (full 0):
 garbage-first heap   total 378880K, used 288449K [0x00000006e0000000, 0x0000000800000000)
  region size 1024K, 198 young (202752K), 23 survivors (23552K)
 Metaspace       used 105836K, capacity 109491K, committed 109776K, reserved 1144832K
  class space    used 13967K, capacity 15414K, committed 15436K, reserved 1048576K
}
Event: 13.299 GC heap after
{Heap after GC invocations=18 (full 0):
 garbage-first heap   total 378880K, used 124588K [0x00000006e0000000, 0x0000000800000000)
  region size 1024K, 16 young (16384K), 16 survivors (16384K)
 Metaspace       used 105836K, capacity 109491K, committed 109776K, reserved 1144832K
  class space    used 13967K, capacity 15414K, committed 15436K, reserved 1048576K
}

